<?xml version="1.0" encoding="utf-8"?><testsuites><testsuite name="pytest" errors="2" failures="2" skipped="4" tests="69" time="33.579" timestamp="2021-08-02T18:12:49.676010" hostname="LAPTOP-V2RHK3K3"><testcase classname="test_01.TestFCArequest" name="test_get_token" time="0.227" /><testcase classname="test_01.TestFCArequest" name="test_get_uin" time="0.241" /><testcase classname="test_01.TestFCArequest" name="test_01" time="0.001" /><testcase classname="test_01.TestFCArequest" name="test_02" time="0.001" /><testcase classname="test_01.TestFCArequest" name="test_03" time="0.001" /><testcase classname="test_01.TestFCArequest" name="test_04" time="0.001"><failure message="assert 11 == 12">self = &lt;test_01.TestFCArequest object at 0x000002956F8B52B0&gt;

    @pytest.mark.run(order=2)
    def test_04(self):
&gt;       assert 11 == 12
E       assert 11 == 12

test_01.py:54: AssertionError</failure></testcase><testcase classname="test_01.TestFCArequest" name="test_get_vin" time="0.244" /><testcase classname="test_01.TestFCArequest" name="test_get_vin2" time="0.204" /><testcase classname="test_mark_selfdefind" name="test_serch1" time="0.001"><failure message="NameError">@pytest.mark.search
    def test_serch1():
        print("test_serch1")
&gt;       raise NameError
E       NameError

test_mark_selfdefind.py:7: NameError</failure></testcase><testcase classname="test_mark_selfdefind" name="test_search2" time="0.001" /><testcase classname="test_mark_selfdefind" name="test_search3" time="0.001" /><testcase classname="test_mark_selfdefind" name="test_login1" time="0.001" /><testcase classname="test_mark_selfdefind" name="test_login2" time="0.001" /><testcase classname="test_pytest_.TestDemo" name="test_demo[env0]" time="0.001" /><testcase classname="test_pytest_01" name="testa" time="0.001" /><testcase classname="test_pytest_01.TestDemo" name="test01" time="0.001" /><testcase classname="test_pytest_01.TestDemo" name="test02" time="0.001" /><testcase classname="test_pytest_01.TestDemo" name="test03" time="0.001" /><testcase classname="test_pytest_allure_selenium" name="test_step_demo[allure]" time="12.404" /><testcase classname="test_pytest_allure_selenium" name="test_step_demo[pytest]" time="9.601" /><testcase classname="test_pytest_allure_selenium" name="test_step_demo[\u9633\u903b]" time="9.793" /><testcase classname="test_pytest_parametrize" name="test_eva[3+5-8]" time="0.001" /><testcase classname="test_pytest_parametrize" name="test_eva[2+5-7]" time="0.001" /><testcase classname="test_pytest_parametrize" name="test_eva[7+5-12]" time="0.001" /><testcase classname="test_pytest_parametrize" name="test_foo[8-1]" time="0.001" /><testcase classname="test_pytest_parametrize" name="test_foo[8-2]" time="0.001" /><testcase classname="test_pytest_parametrize" name="test_foo[10-1]" time="0.001" /><testcase classname="test_pytest_parametrize" name="test_foo[10-2]" time="0.001" /><testcase classname="test_pytest_parametrize" name="test_foo[11-1]" time="0.001" /><testcase classname="test_pytest_parametrize" name="test_foo[11-2]" time="0.001" /><testcase classname="test_pytest_parametrize" name="test_login[Tome]" time="0.001" /><testcase classname="test_pytest_parametrize" name="test_login[Jerry]" time="0.001" /><testcase classname="test_pytest_parametrize2.TestData" name="test_data[10-20]" time="0.001" /><testcase classname="test_pytest_parametrize2.TestData" name="test_data[30-40]" time="0.001" /><testcase classname="test_pytest_parametrize2.TestData" name="test_data[5-6]" time="0.001" /><testcase classname="test_unittest.demo" name="test_case01" time="0.001" /><testcase classname="test_unittest.demo" name="test_case02" time="0.001"><skipped type="pytest.skip" message="跳过这条测试用例">C:\Users\邱州炫\Desktop\study2\test_unittest.py:34: 跳过这条测试用例</skipped></testcase><testcase classname="test_unittest.demo" name="test_case03" time="0.001" /><testcase classname="test_unittest.demo" name="test_case04" time="0.002" /><testcase classname="test_unittest.demo1" name="test_demo1_case0" time="0.001" /><testcase classname="test_unittest.demo1" name="test_demo1_case1" time="0.001" /><testcase classname="test_unittestTestLoader.demo" name="test_case01" time="0.001" /><testcase classname="test_unittestTestLoader.demo" name="test_case02" time="0.001"><skipped type="pytest.skip" message="跳过这条测试用例">C:\Users\邱州炫\Desktop\study2\test_unittestTestLoader.py:35: 跳过这条测试用例</skipped></testcase><testcase classname="test_unittestTestLoader.demo" name="test_case03" time="0.001" /><testcase classname="test_unittestTestLoader.demo" name="test_case04" time="0.001" /><testcase classname="test_unittestTestLoader.demo1" name="test_demo1_case0" time="0.001" /><testcase classname="test_unittestTestLoader.demo1" name="test_demo1_case1" time="0.001" /><testcase classname="test_unittestTestLoader.demo2" name="test_demo2_case0" time="0.002" /><testcase classname="test_unittestTestLoader.demo2" name="test_demo2_case1" time="0.001" /><testcase classname="test_unittest_discover.demo" name="test_case01" time="0.001" /><testcase classname="test_unittest_discover.demo" name="test_case02" time="0.001"><skipped type="pytest.skip" message="跳过这条测试用例">C:\Users\邱州炫\Desktop\study2\test_unittest_discover.py:36: 跳过这条测试用例</skipped></testcase><testcase classname="test_unittest_discover.demo" name="test_case03" time="0.001" /><testcase classname="test_unittest_discover.demo" name="test_case04" time="0.001" /><testcase classname="test_unittest_discover.demo1" name="test_demo1_case0" time="0.001" /><testcase classname="test_unittest_discover.demo1" name="test_demo1_case1" time="0.001" /><testcase classname="test_unittest_discover.demo2" name="test_demo2_case0" time="0.001" /><testcase classname="test_unittest_discover.demo2" name="test_demo2_case1" time="0.001" /><testcase classname="test_unuttestsuit.demo" name="test_case01" time="0.001" /><testcase classname="test_unuttestsuit.demo" name="test_case02" time="0.001"><skipped type="pytest.skip" message="跳过这条测试用例">C:\Users\邱州炫\Desktop\study2\test_unuttestsuit.py:34: 跳过这条测试用例</skipped></testcase><testcase classname="test_unuttestsuit.demo" name="test_case03" time="0.001" /><testcase classname="test_unuttestsuit.demo" name="test_case04" time="0.001" /><testcase classname="test_unuttestsuit.demo1" name="test_demo1_case0" time="0.001" /><testcase classname="test_unuttestsuit.demo1" name="test_demo1_case1" time="0.001" /><testcase classname="pytest-demo2.test_pytest_fixture" name="test_login" time="0.003" /><testcase classname="pytest-demo2.test_pytest_fixture" name="test_case1" time="0.000"><error message="failed on setup with &quot;file C:\Users\邱州炫\Desktop\study2\pytest-demo2\test_pytest_fixture.py, line 10&#10;  def test_case1(test_login):&#10;E       fixture 'test_login' not found&#10;&gt;       available fixtures: cache, capfd, capfdbinary, caplog, capsys, capsysbinary, doctest_namespace, extra, include_metadata_in_junit_xml, metadata, monkeypatch, pytestconfig, record_property, record_testsuite_property, record_xml_attribute, recwarn, tmp_path, tmp_path_factory, tmpdir, tmpdir_factory&#10;&gt;       use 'pytest --fixtures [testpath]' for help on them.&#10;&#10;C:\Users\邱州炫\Desktop\study2\pytest-demo2\test_pytest_fixture.py:10&quot;">file C:\Users\邱州炫\Desktop\study2\pytest-demo2\test_pytest_fixture.py, line 10
  def test_case1(test_login):
E       fixture 'test_login' not found
&gt;       available fixtures: cache, capfd, capfdbinary, caplog, capsys, capsysbinary, doctest_namespace, extra, include_metadata_in_junit_xml, metadata, monkeypatch, pytestconfig, record_property, record_testsuite_property, record_xml_attribute, recwarn, tmp_path, tmp_path_factory, tmpdir, tmpdir_factory
&gt;       use 'pytest --fixtures [testpath]' for help on them.

C:\Users\邱州炫\Desktop\study2\pytest-demo2\test_pytest_fixture.py:10</error></testcase><testcase classname="pytest-demo2.test_pytest_fixture" name="test_case2" time="0.001" /><testcase classname="pytest-demo2.test_pytest_fixture" name="test_case3" time="0.000"><error message="failed on setup with &quot;file C:\Users\邱州炫\Desktop\study2\pytest-demo2\test_pytest_fixture.py, line 18&#10;  def test_case3(test_login):&#10;E       fixture 'test_login' not found&#10;&gt;       available fixtures: cache, capfd, capfdbinary, caplog, capsys, capsysbinary, doctest_namespace, extra, include_metadata_in_junit_xml, metadata, monkeypatch, pytestconfig, record_property, record_testsuite_property, record_xml_attribute, recwarn, tmp_path, tmp_path_factory, tmpdir, tmpdir_factory&#10;&gt;       use 'pytest --fixtures [testpath]' for help on them.&#10;&#10;C:\Users\邱州炫\Desktop\study2\pytest-demo2\test_pytest_fixture.py:18&quot;">file C:\Users\邱州炫\Desktop\study2\pytest-demo2\test_pytest_fixture.py, line 18
  def test_case3(test_login):
E       fixture 'test_login' not found
&gt;       available fixtures: cache, capfd, capfdbinary, caplog, capsys, capsysbinary, doctest_namespace, extra, include_metadata_in_junit_xml, metadata, monkeypatch, pytestconfig, record_property, record_testsuite_property, record_xml_attribute, recwarn, tmp_path, tmp_path_factory, tmpdir, tmpdir_factory
&gt;       use 'pytest --fixtures [testpath]' for help on them.

C:\Users\邱州炫\Desktop\study2\pytest-demo2\test_pytest_fixture.py:18</error></testcase><testcase classname="testing.test_caic.TestCal" name="test_add_1" time="0.002" /><testcase classname="testing.test_pytest.TestCalc" name="test_add" time="0.001" /></testsuite></testsuites>